# JRE version: OpenJDK Runtime Environment (8.0_112-b06) (build 1.8.0_112-release-b06)
# Java VM: OpenJDK 64-Bit Server VM (25.112-b06 mixed mode linux-amd64 compressed oops)
Heap:
 PSYoungGen      total 266752K, used 23548K [0x00000000e0000000, 0x00000000f1d00000, 0x0000000100000000)
  eden space 243200K, 0% used [0x00000000e0000000,0x00000000e0000000,0x00000000eed80000)
  from space 23552K, 99% used [0x00000000eed80000,0x00000000f047f020,0x00000000f0480000)
  to   space 19456K, 0% used [0x00000000f0480000,0x00000000f0480000,0x00000000f1780000)
 ParOldGen       total 122368K, used 107400K [0x00000000a0000000, 0x00000000a7780000, 0x00000000e0000000)
  object space 122368K, 87% used [0x00000000a0000000,0x00000000a68e21f8,0x00000000a7780000)
 Metaspace       used 70581K, capacity 73826K, committed 73984K, reserved 1114112K
  class space    used 9140K, capacity 9911K, committed 9984K, reserved 1048576K
GC Heap History (10 events):
Event: 2366,373 GC heap after
Heap after GC invocations=25 (full 3):
 PSYoungGen      total 180736K, used 7552K [0x00000000e0000000, 0x00000000ee080000, 0x0000000100000000)
  eden space 161280K, 0% used [0x00000000e0000000,0x00000000e0000000,0x00000000e9d80000)
  from space 19456K, 38% used [0x00000000eb000000,0x00000000eb760070,0x00000000ec300000)
  to   space 18944K, 0% used [0x00000000e9d80000,0x00000000e9d80000,0x00000000eb000000)
 ParOldGen       total 122368K, used 72949K [0x00000000a0000000, 0x00000000a7780000, 0x00000000e0000000)
  object space 122368K, 59% used [0x00000000a0000000,0x00000000a473d778,0x00000000a7780000)
 Metaspace       used 65657K, capacity 68592K, committed 68736K, reserved 1107968K
  class space    used 8637K, capacity 9321K, committed 9344K, reserved 1048576K
}
Event: 2368,741 GC heap before
{Heap before GC invocations=26 (full 3):
 PSYoungGen      total 180736K, used 168528K [0x00000000e0000000, 0x00000000ee080000, 0x0000000100000000)
  eden space 161280K, 99% used [0x00000000e0000000,0x00000000e9d34060,0x00000000e9d80000)
  from space 19456K, 38% used [0x00000000eb000000,0x00000000eb760070,0x00000000ec300000)
  to   space 18944K, 0% used [0x00000000e9d80000,0x00000000e9d80000,0x00000000eb000000)
 ParOldGen       total 122368K, used 72949K [0x00000000a0000000, 0x00000000a7780000, 0x00000000e0000000)
  object space 122368K, 59% used [0x00000000a0000000,0x00000000a473d778,0x00000000a7780000)
 Metaspace       used 66669K, capacity 69680K, committed 70016K, reserved 1110016K
  class space    used 8781K, capacity 9505K, committed 9600K, reserved 1048576K
Event: 2368,768 GC heap after
Heap after GC invocations=26 (full 3):
 PSYoungGen      total 180224K, used 11000K [0x00000000e0000000, 0x00000000ee700000, 0x0000000100000000)
  eden space 161280K, 0% used [0x00000000e0000000,0x00000000e0000000,0x00000000e9d80000)
  from space 18944K, 58% used [0x00000000e9d80000,0x00000000ea83e1a8,0x00000000eb000000)
  to   space 18432K, 0% used [0x00000000ed500000,0x00000000ed500000,0x00000000ee700000)
 ParOldGen       total 122368K, used 78162K [0x00000000a0000000, 0x00000000a7780000, 0x00000000e0000000)
  object space 122368K, 63% used [0x00000000a0000000,0x00000000a4c54898,0x00000000a7780000)
 Metaspace       used 66669K, capacity 69680K, committed 70016K, reserved 1110016K
  class space    used 8781K, capacity 9505K, committed 9600K, reserved 1048576K
}
Event: 2368,802 GC heap before
{Heap before GC invocations=27 (full 3):
 PSYoungGen      total 180224K, used 171378K [0x00000000e0000000, 0x00000000ee700000, 0x0000000100000000)
  eden space 161280K, 99% used [0x00000000e0000000,0x00000000e9c9e9d0,0x00000000e9d80000)
  from space 18944K, 58% used [0x00000000e9d80000,0x00000000ea83e1a8,0x00000000eb000000)
  to   space 18432K, 0% used [0x00000000ed500000,0x00000000ed500000,0x00000000ee700000)
 ParOldGen       total 122368K, used 78162K [0x00000000a0000000, 0x00000000a7780000, 0x00000000e0000000)
  object space 122368K, 63% used [0x00000000a0000000,0x00000000a4c54898,0x00000000a7780000)
 Metaspace       used 66675K, capacity 69680K, committed 70016K, reserved 1110016K
  class space    used 8781K, capacity 9505K, committed 9600K, reserved 1048576K
Event: 2368,809 GC heap after
Heap after GC invocations=27 (full 3):
 PSYoungGen      total 217088K, used 64K [0x00000000e0000000, 0x00000000ef900000, 0x0000000100000000)
  eden space 198656K, 0% used [0x00000000e0000000,0x00000000e0000000,0x00000000ec200000)
  from space 18432K, 0% used [0x00000000ed500000,0x00000000ed510000,0x00000000ee700000)
  to   space 19456K, 0% used [0x00000000ec200000,0x00000000ec200000,0x00000000ed500000)
 ParOldGen       total 122368K, used 83638K [0x00000000a0000000, 0x00000000a7780000, 0x00000000e0000000)
  object space 122368K, 68% used [0x00000000a0000000,0x00000000a51ada78,0x00000000a7780000)
 Metaspace       used 66675K, capacity 69680K, committed 70016K, reserved 1110016K
  class space    used 8781K, capacity 9505K, committed 9600K, reserved 1048576K
}
Event: 2369,213 GC heap before
{Heap before GC invocations=28 (full 3):
 PSYoungGen      total 217088K, used 198720K [0x00000000e0000000, 0x00000000ef900000, 0x0000000100000000)
  eden space 198656K, 100% used [0x00000000e0000000,0x00000000ec200000,0x00000000ec200000)
  from space 18432K, 0% used [0x00000000ed500000,0x00000000ed510000,0x00000000ee700000)
  to   space 19456K, 0% used [0x00000000ec200000,0x00000000ec200000,0x00000000ed500000)
 ParOldGen       total 122368K, used 83638K [0x00000000a0000000, 0x00000000a7780000, 0x00000000e0000000)
  object space 122368K, 68% used [0x00000000a0000000,0x00000000a51ada78,0x00000000a7780000)
 Metaspace       used 66764K, capacity 69878K, committed 70016K, reserved 1110016K
  class space    used 8797K, capacity 9544K, committed 9600K, reserved 1048576K
Event: 2369,216 GC heap after
Heap after GC invocations=28 (full 3):
 PSYoungGen      total 218112K, used 356K [0x00000000e0000000, 0x00000000f1780000, 0x0000000100000000)
  eden space 198656K, 0% used [0x00000000e0000000,0x00000000e0000000,0x00000000ec200000)
  from space 19456K, 1% used [0x00000000ec200000,0x00000000ec259198,0x00000000ed500000)
  to   space 19456K, 0% used [0x00000000f0480000,0x00000000f0480000,0x00000000f1780000)
 ParOldGen       total 122368K, used 83670K [0x00000000a0000000, 0x00000000a7780000, 0x00000000e0000000)
  object space 122368K, 68% used [0x00000000a0000000,0x00000000a51b5a78,0x00000000a7780000)
 Metaspace       used 66764K, capacity 69878K, committed 70016K, reserved 1110016K
  class space    used 8797K, capacity 9544K, committed 9600K, reserved 1048576K
}
Event: 2373,937 GC heap before
{Heap before GC invocations=29 (full 3):
 PSYoungGen      total 218112K, used 199012K [0x00000000e0000000, 0x00000000f1780000, 0x0000000100000000)
  eden space 198656K, 100% used [0x00000000e0000000,0x00000000ec200000,0x00000000ec200000)
  from space 19456K, 1% used [0x00000000ec200000,0x00000000ec259198,0x00000000ed500000)
  to   space 19456K, 0% used [0x00000000f0480000,0x00000000f0480000,0x00000000f1780000)
 ParOldGen       total 122368K, used 83670K [0x00000000a0000000, 0x00000000a7780000, 0x00000000e0000000)
  object space 122368K, 68% used [0x00000000a0000000,0x00000000a51b5a78,0x00000000a7780000)
 Metaspace       used 70266K, capacity 73504K, committed 73600K, reserved 1114112K
  class space    used 9116K, capacity 9846K, committed 9856K, reserved 1048576K
Event: 2373,965 GC heap after
Heap after GC invocations=29 (full 3):
 PSYoungGen      total 262656K, used 19454K [0x00000000e0000000, 0x00000000f1d00000, 0x0000000100000000)
  eden space 243200K, 0% used [0x00000000e0000000,0x00000000e0000000,0x00000000eed80000)
  from space 19456K, 99% used [0x00000000f0480000,0x00000000f177f998,0x00000000f1780000)
  to   space 23552K, 0% used [0x00000000eed80000,0x00000000eed80000,0x00000000f0480000)
 ParOldGen       total 122368K, used 85911K [0x00000000a0000000, 0x00000000a7780000, 0x00000000e0000000)
  object space 122368K, 70% used [0x00000000a0000000,0x00000000a53e5e18,0x00000000a7780000)
 Metaspace       used 70266K, capacity 73504K, committed 73600K, reserved 1114112K
  class space    used 9116K, capacity 9846K, committed 9856K, reserved 1048576K
}
Event: 2375,306 GC heap before
{Heap before GC invocations=30 (full 3):
 PSYoungGen      total 262656K, used 262654K [0x00000000e0000000, 0x00000000f1d00000, 0x0000000100000000)
  eden space 243200K, 100% used [0x00000000e0000000,0x00000000eed80000,0x00000000eed80000)
  from space 19456K, 99% used [0x00000000f0480000,0x00000000f177f998,0x00000000f1780000)
  to   space 23552K, 0% used [0x00000000eed80000,0x00000000eed80000,0x00000000f0480000)
 ParOldGen       total 122368K, used 85911K [0x00000000a0000000, 0x00000000a7780000, 0x00000000e0000000)
  object space 122368K, 70% used [0x00000000a0000000,0x00000000a53e5e18,0x00000000a7780000)
 Metaspace       used 70581K, capacity 73826K, committed 73984K, reserved 1114112K
  class space    used 9140K, capacity 9911K, committed 9984K, reserved 1048576K

